<?xml version="1.0" encoding="UTF-8"?>
<testng-results skipped="0" failed="0" total="1" passed="1">
  <reporter-output>
  </reporter-output>
  <suite name="Default suite" duration-ms="3760" started-at="2021-04-12T16:57:53Z" finished-at="2021-04-12T16:57:57Z">
    <groups>
    </groups>
    <test name="Default test" duration-ms="3760" started-at="2021-04-12T16:57:53Z" finished-at="2021-04-12T16:57:57Z">
      <class name="testPackage.Test02_GETStatic">
        <test-method status="PASS" signature="dynamicParse()[pri:0, instance:testPackage.Test02_GETStatic@5419f379]" name="dynamicParse" duration-ms="3741" started-at="2021-04-12T22:27:53Z" finished-at="2021-04-12T22:27:57Z">
          <reporter-output>
          </reporter-output>
        </test-method> <!-- dynamicParse -->
      </class> <!-- testPackage.Test02_GETStatic -->
    </test> <!-- Default test -->
  </suite> <!-- Default suite -->
</testng-results>
